Using pre-set license
Built from '2020.3/release' branch; Version is '2020.3.2f1 (8fd9074bf66c) revision 9427207'; Using compiler version '192528614'; Build Type 'Release'
OS: 'Windows 10 Home; OS build 19042.1052; Version 2009; 64bit' Language: 'en' Physical Memory: 16333 MB
BatchMode: 1, IsHumanControllingUs: 0, StartBugReporterOnCrash: 0, Is64bit: 1, IsPro: 0

 COMMAND LINE ARGUMENTS:
C:\Program Files\Unity\Hub\Editor\2020.3.2f1\Editor\Unity.exe
-adb2
-batchMode
-noUpm
-name
AssetImportWorker2
-projectPath
C:/Users/James/Documents/My Games/GamesU/GMTK Game Jam 2021/GMTK-Game-Jam-2021
-logFile
Logs/AssetImportWorker2.log
-srvPort
59504
Successfully changed project path to: C:/Users/James/Documents/My Games/GamesU/GMTK Game Jam 2021/GMTK-Game-Jam-2021
C:/Users/James/Documents/My Games/GamesU/GMTK Game Jam 2021/GMTK-Game-Jam-2021
Using Asset Import Pipeline V2.
Refreshing native plugins compatible for Editor in 196.30 ms, found 1 plugins.
Preloading 0 native plugins for Editor in 0.00 ms.
Initialize engine version: 2020.3.2f1 (8fd9074bf66c)
[Subsystems] Discovering subsystems at path C:/Program Files/Unity/Hub/Editor/2020.3.2f1/Editor/Data/Resources/UnitySubsystems
[Subsystems] Discovering subsystems at path C:/Users/James/Documents/My Games/GamesU/GMTK Game Jam 2021/GMTK-Game-Jam-2021/Assets
GfxDevice: creating device client; threaded=0
Direct3D:
    Version:  Direct3D 11.0 [level 11.1]
    Renderer: NVIDIA GeForce GTX 980M (ID=0x1617)
    Vendor:   
    VRAM:     4053 MB
    Driver:   27.21.14.6611
Initialize mono
Mono path[0] = 'C:/Program Files/Unity/Hub/Editor/2020.3.2f1/Editor/Data/Managed'
Mono path[1] = 'C:/Program Files/Unity/Hub/Editor/2020.3.2f1/Editor/Data/MonoBleedingEdge/lib/mono/unityjit'
Mono config path = 'C:/Program Files/Unity/Hub/Editor/2020.3.2f1/Editor/Data/MonoBleedingEdge/etc'
Using monoOptions --debugger-agent=transport=dt_socket,embedding=1,server=y,suspend=n,address=127.0.0.1:56416
Begin MonoManager ReloadAssembly
Registering precompiled unity dll's ...
Register platform support module: C:/Program Files/Unity/Hub/Editor/2020.3.2f1/Editor/Data/PlaybackEngines/WindowsStandaloneSupport/UnityEditor.WindowsStandalone.Extensions.dll
Registered in 0.010741 seconds.
Native extension for WindowsStandalone target not found
Refreshing native plugins compatible for Editor in 201.07 ms, found 1 plugins.
Preloading 0 native plugins for Editor in 0.00 ms.
Invoked RoslynAnalysisRunner static constructor.
RoslynAnalysisRunner will not be running.
RoslynAnalysisRunner has terminated.
Mono: successfully reloaded assembly
- Completed reload, in 10.369 seconds
Platform modules already initialized, skipping
Registering precompiled user dll's ...
Registered in 0.004856 seconds.
Begin MonoManager ReloadAssembly
Native extension for WindowsStandalone target not found
Refreshing native plugins compatible for Editor in 193.33 ms, found 1 plugins.
Preloading 0 native plugins for Editor in 0.00 ms.
Invoked RoslynAnalysisRunner static constructor.
RoslynAnalysisRunner will not be running.
RoslynAnalysisRunner has terminated.
Mono: successfully reloaded assembly
- Completed reload, in  5.714 seconds
Platform modules already initialized, skipping
========================================================================
Worker process is ready to serve import requests
Launched and connected shader compiler UnityShaderCompiler.exe after 0.41 seconds
Refreshing native plugins compatible for Editor in 1.96 ms, found 1 plugins.
Preloading 0 native plugins for Editor in 0.00 ms.
Unloading 1851 Unused Serialized files (Serialized files now loaded: 0)
System memory in use before: 88.0 MB.
System memory in use after: 87.9 MB.

Unloading 23 unused Assets to reduce memory usage. Loaded Objects now: 2300.
Total: 8.627400 ms (FindLiveObjects: 0.725200 ms CreateObjectMapping: 0.463300 ms MarkObjects: 6.971300 ms  DeleteObjects: 0.462500 ms)

========================================================================
Received Import Request.
  path: Assets/Fonts
  artifactKey: Guid(e2674b746502090409a24fda3f33afb4) Importer(815301076,1909f56bfc062723c751e8b465ee728b)
Start importing Assets/Fonts using Guid(e2674b746502090409a24fda3f33afb4) Importer(815301076,1909f56bfc062723c751e8b465ee728b)  -> (artifact id: '57e6dd97e9a1a2b0f350dfe0a363ede0') in 0.059138 seconds
  Import took 0.104038 seconds .

========================================================================
Received Import Request.
  Time since last request: 0.000846 seconds.
  path: Assets/Fonts/Minecraft.ttf
  artifactKey: Guid(5d9f2a317e05db84cb490503e9763289) Importer(815301076,1909f56bfc062723c751e8b465ee728b)
Start importing Assets/Fonts/Minecraft.ttf using Guid(5d9f2a317e05db84cb490503e9763289) Importer(815301076,1909f56bfc062723c751e8b465ee728b)  -> (artifact id: 'a23d37e6f6d77167b93cf202004920da') in 0.598744 seconds
  Import took 0.616778 seconds .

========================================================================
Received Import Request.
  Time since last request: 128.399920 seconds.
  path: Assets/Art/Platform/GroundTiles.png
  artifactKey: Guid(718e9580ceabe4926a4707755bbcf446) Importer(815301076,1909f56bfc062723c751e8b465ee728b)
Start importing Assets/Art/Platform/GroundTiles.png using Guid(718e9580ceabe4926a4707755bbcf446) Importer(815301076,1909f56bfc062723c751e8b465ee728b)  -> (artifact id: 'ac20c1704fc826696fd27bb005e5242b') in 0.408372 seconds
  Import took 0.445257 seconds .

========================================================================
Received Import Request.
  Time since last request: 0.000944 seconds.
  path: Assets/Art/Platform/GroundTilesAsperiteFile2.png
  artifactKey: Guid(db754424648e04d518b2e0403ab16d3d) Importer(815301076,1909f56bfc062723c751e8b465ee728b)
Start importing Assets/Art/Platform/GroundTilesAsperiteFile2.png using Guid(db754424648e04d518b2e0403ab16d3d) Importer(815301076,1909f56bfc062723c751e8b465ee728b)  -> (artifact id: '22b18c44f0b7679b713bf2ad54cc0080') in 0.123231 seconds
  Import took 0.146130 seconds .

========================================================================
Received Import Request.
  Time since last request: 0.001100 seconds.
  path: Assets/Art/Platform/GroundTilesAsperiteFile3.png
  artifactKey: Guid(294ec1002087f46df93b54cce779e06e) Importer(815301076,1909f56bfc062723c751e8b465ee728b)
Start importing Assets/Art/Platform/GroundTilesAsperiteFile3.png using Guid(294ec1002087f46df93b54cce779e06e) Importer(815301076,1909f56bfc062723c751e8b465ee728b)  -> (artifact id: '5a4b46e62be6cf6beb46ed6ae56472af') in 0.308099 seconds
  Import took 0.338530 seconds .

