Using pre-set license
Built from '2020.3/release' branch; Version is '2020.3.2f1 (8fd9074bf66c) revision 9427207'; Using compiler version '192528614'; Build Type 'Release'
OS: 'Windows 10 Home; OS build 19042.1052; Version 2009; 64bit' Language: 'en' Physical Memory: 16333 MB
BatchMode: 1, IsHumanControllingUs: 0, StartBugReporterOnCrash: 0, Is64bit: 1, IsPro: 0

 COMMAND LINE ARGUMENTS:
C:\Program Files\Unity\Hub\Editor\2020.3.2f1\Editor\Unity.exe
-adb2
-batchMode
-noUpm
-name
AssetImportWorker0
-projectPath
C:/Users/James/Documents/My Games/GamesU/GMTK Game Jam 2021/GMTK-Game-Jam-2021
-logFile
Logs/AssetImportWorker0.log
-srvPort
55367
Successfully changed project path to: C:/Users/James/Documents/My Games/GamesU/GMTK Game Jam 2021/GMTK-Game-Jam-2021
C:/Users/James/Documents/My Games/GamesU/GMTK Game Jam 2021/GMTK-Game-Jam-2021
Using Asset Import Pipeline V2.
Refreshing native plugins compatible for Editor in 202.81 ms, found 1 plugins.
Preloading 0 native plugins for Editor in 0.00 ms.
Initialize engine version: 2020.3.2f1 (8fd9074bf66c)
[Subsystems] Discovering subsystems at path C:/Program Files/Unity/Hub/Editor/2020.3.2f1/Editor/Data/Resources/UnitySubsystems
[Subsystems] Discovering subsystems at path C:/Users/James/Documents/My Games/GamesU/GMTK Game Jam 2021/GMTK-Game-Jam-2021/Assets
GfxDevice: creating device client; threaded=0
Direct3D:
    Version:  Direct3D 11.0 [level 11.1]
    Renderer: NVIDIA GeForce GTX 980M (ID=0x1617)
    Vendor:   
    VRAM:     4053 MB
    Driver:   27.21.14.6611
Initialize mono
Mono path[0] = 'C:/Program Files/Unity/Hub/Editor/2020.3.2f1/Editor/Data/Managed'
Mono path[1] = 'C:/Program Files/Unity/Hub/Editor/2020.3.2f1/Editor/Data/MonoBleedingEdge/lib/mono/unityjit'
Mono config path = 'C:/Program Files/Unity/Hub/Editor/2020.3.2f1/Editor/Data/MonoBleedingEdge/etc'
Using monoOptions --debugger-agent=transport=dt_socket,embedding=1,server=y,suspend=n,address=127.0.0.1:56308
Begin MonoManager ReloadAssembly
Registering precompiled unity dll's ...
Register platform support module: C:/Program Files/Unity/Hub/Editor/2020.3.2f1/Editor/Data/PlaybackEngines/WindowsStandaloneSupport/UnityEditor.WindowsStandalone.Extensions.dll
Registered in 0.009838 seconds.
Native extension for WindowsStandalone target not found
Refreshing native plugins compatible for Editor in 221.60 ms, found 1 plugins.
Preloading 0 native plugins for Editor in 0.00 ms.
Invoked RoslynAnalysisRunner static constructor.
RoslynAnalysisRunner will not be running.
RoslynAnalysisRunner has terminated.
Mono: successfully reloaded assembly
- Completed reload, in 12.699 seconds
Platform modules already initialized, skipping
Registering precompiled user dll's ...
Registered in 0.004751 seconds.
Begin MonoManager ReloadAssembly
Native extension for WindowsStandalone target not found
Refreshing native plugins compatible for Editor in 227.60 ms, found 1 plugins.
Preloading 0 native plugins for Editor in 0.00 ms.
Invoked RoslynAnalysisRunner static constructor.
RoslynAnalysisRunner will not be running.
RoslynAnalysisRunner has terminated.
Mono: successfully reloaded assembly
- Completed reload, in  5.739 seconds
Platform modules already initialized, skipping
========================================================================
Worker process is ready to serve import requests
Launched and connected shader compiler UnityShaderCompiler.exe after 0.50 seconds
Refreshing native plugins compatible for Editor in 1.71 ms, found 1 plugins.
Preloading 0 native plugins for Editor in 0.00 ms.
Unloading 1851 Unused Serialized files (Serialized files now loaded: 0)
System memory in use before: 88.0 MB.
System memory in use after: 88.0 MB.

Unloading 23 unused Assets to reduce memory usage. Loaded Objects now: 2300.
Total: 11.390600 ms (FindLiveObjects: 1.362200 ms CreateObjectMapping: 0.473800 ms MarkObjects: 9.069400 ms  DeleteObjects: 0.477700 ms)

========================================================================
Received Import Request.
  path: Assets/Art/Sky-Backdrop-3.png
  artifactKey: Guid(ae2bba80c5a5dc44c9ba0a652f74620e) Importer(815301076,1909f56bfc062723c751e8b465ee728b)
Start importing Assets/Art/Sky-Backdrop-3.png using Guid(ae2bba80c5a5dc44c9ba0a652f74620e) Importer(815301076,1909f56bfc062723c751e8b465ee728b)  -> (artifact id: 'd9a68273294efe758280724c63c1fc85') in 0.783040 seconds
  Import took 0.799756 seconds .

========================================================================
Received Import Request.
  Time since last request: 0.000950 seconds.
  path: Assets/Art/Sky-Backdrop.png
  artifactKey: Guid(a85f73e1f09ede340a28013b90c70abc) Importer(815301076,1909f56bfc062723c751e8b465ee728b)
Start importing Assets/Art/Sky-Backdrop.png using Guid(a85f73e1f09ede340a28013b90c70abc) Importer(815301076,1909f56bfc062723c751e8b465ee728b)  -> (artifact id: 'a1a5180ff67f61023493586a8e7a59f9') in 0.074813 seconds
  Import took 0.091029 seconds .

========================================================================
Received Import Request.
  Time since last request: 0.000933 seconds.
  path: Assets/Art/Sky-Backdrop-2.png
  artifactKey: Guid(092ea49043d614b47827dabd33663f8c) Importer(815301076,1909f56bfc062723c751e8b465ee728b)
Start importing Assets/Art/Sky-Backdrop-2.png using Guid(092ea49043d614b47827dabd33663f8c) Importer(815301076,1909f56bfc062723c751e8b465ee728b)  -> (artifact id: '5ae00926f9de097ffc67d1d6773b8041') in 0.223911 seconds
  Import took 0.271917 seconds .

========================================================================
Received Import Request.
  Time since last request: 0.001002 seconds.
  path: Assets/Art/SpaceLevel.asset
  artifactKey: Guid(c1283432b33b94c0da78a0f953af450b) Importer(815301076,1909f56bfc062723c751e8b465ee728b)
Start importing Assets/Art/SpaceLevel.asset using Guid(c1283432b33b94c0da78a0f953af450b) Importer(815301076,1909f56bfc062723c751e8b465ee728b)  -> (artifact id: '9dc3c8709788f0a4dcd12c18c20b68c0') in 0.266419 seconds
  Import took 0.326192 seconds .

========================================================================
Received Import Request.
  Time since last request: 0.178138 seconds.
  path: Assets/Art/Sky-Backdrop-3.png
  artifactKey: Guid(ae2bba80c5a5dc44c9ba0a652f74620e) Importer(815301076,1909f56bfc062723c751e8b465ee728b)
Start importing Assets/Art/Sky-Backdrop-3.png using Guid(ae2bba80c5a5dc44c9ba0a652f74620e) Importer(815301076,1909f56bfc062723c751e8b465ee728b)  -> (artifact id: 'd9a68273294efe758280724c63c1fc85') in 0.062289 seconds
  Import took 0.077840 seconds .

========================================================================
Received Import Request.
  Time since last request: 3.920618 seconds.
  path: Assets/Art/Sky-Backdrop-3.png
  artifactKey: Guid(ae2bba80c5a5dc44c9ba0a652f74620e) Importer(815301076,1909f56bfc062723c751e8b465ee728b)
Start importing Assets/Art/Sky-Backdrop-3.png using Guid(ae2bba80c5a5dc44c9ba0a652f74620e) Importer(815301076,1909f56bfc062723c751e8b465ee728b)  -> (artifact id: '80b0f719cbd54d885e1b9e3d95f12aba') in 0.079311 seconds
  Import took 0.097154 seconds .

========================================================================
Received Import Request.
  Time since last request: 28.961599 seconds.
  path: Assets/Art/Platform
  artifactKey: Guid(33ae4fe59a499495bb5279a7050812dc) Importer(815301076,1909f56bfc062723c751e8b465ee728b)
Start importing Assets/Art/Platform using Guid(33ae4fe59a499495bb5279a7050812dc) Importer(815301076,1909f56bfc062723c751e8b465ee728b)  -> (artifact id: '5260986daf423709bef8efec05ea522e') in 0.043093 seconds
  Import took 0.086541 seconds .

========================================================================
Received Import Request.
  Time since last request: 0.000892 seconds.
  path: Assets/Art/Platform/GroundTiles.png
  artifactKey: Guid(718e9580ceabe4926a4707755bbcf446) Importer(815301076,1909f56bfc062723c751e8b465ee728b)
Start importing Assets/Art/Platform/GroundTiles.png using Guid(718e9580ceabe4926a4707755bbcf446) Importer(815301076,1909f56bfc062723c751e8b465ee728b)  -> (artifact id: 'ac20c1704fc826696fd27bb005e5242b') in 0.218890 seconds
  Import took 0.245622 seconds .

========================================================================
Received Import Request.
  Time since last request: 0.000959 seconds.
  path: Assets/Art/Platform/GroundTilesAsperiteFile2.png
  artifactKey: Guid(db754424648e04d518b2e0403ab16d3d) Importer(815301076,1909f56bfc062723c751e8b465ee728b)
Start importing Assets/Art/Platform/GroundTilesAsperiteFile2.png using Guid(db754424648e04d518b2e0403ab16d3d) Importer(815301076,1909f56bfc062723c751e8b465ee728b)  -> (artifact id: '22b18c44f0b7679b713bf2ad54cc0080') in 0.172843 seconds
  Import took 0.195450 seconds .

========================================================================
Received Import Request.
  Time since last request: 0.000945 seconds.
  path: Assets/Art/Platform/GroundTilesAsperiteFile3.png
  artifactKey: Guid(294ec1002087f46df93b54cce779e06e) Importer(815301076,1909f56bfc062723c751e8b465ee728b)
Start importing Assets/Art/Platform/GroundTilesAsperiteFile3.png using Guid(294ec1002087f46df93b54cce779e06e) Importer(815301076,1909f56bfc062723c751e8b465ee728b)  -> (artifact id: '5a4b46e62be6cf6beb46ed6ae56472af') in 0.251806 seconds
  Import took 0.266956 seconds .

========================================================================
Received Import Request.
  Time since last request: 6.569500 seconds.
  path: Assets/Resources
  artifactKey: Guid(00d6a5adeb8782640ae7b83ec5c4276e) Importer(815301076,1909f56bfc062723c751e8b465ee728b)
Start importing Assets/Resources using Guid(00d6a5adeb8782640ae7b83ec5c4276e) Importer(815301076,1909f56bfc062723c751e8b465ee728b)  -> (artifact id: '05a19176b1c63f64d26ac30bfd1d5827') in 0.028987 seconds
  Import took 0.057757 seconds .

========================================================================
Received Import Request.
  Time since last request: 0.018573 seconds.
  path: Assets/Resources
  artifactKey: Guid(00d6a5adeb8782640ae7b83ec5c4276e) Importer(815301076,1909f56bfc062723c751e8b465ee728b)
Start importing Assets/Resources using Guid(00d6a5adeb8782640ae7b83ec5c4276e) Importer(815301076,1909f56bfc062723c751e8b465ee728b)  -> (artifact id: '05a19176b1c63f64d26ac30bfd1d5827') in 0.021310 seconds
  Import took 0.036820 seconds .

========================================================================
Received Import Request.
  Time since last request: 0.924756 seconds.
  path: Assets/Resources/Prefabs
  artifactKey: Guid(cdfaefb809bd343b8b504ff33242a5b0) Importer(815301076,1909f56bfc062723c751e8b465ee728b)
Start importing Assets/Resources/Prefabs using Guid(cdfaefb809bd343b8b504ff33242a5b0) Importer(815301076,1909f56bfc062723c751e8b465ee728b)  -> (artifact id: 'c8eabe3091a042be959fb7a4c65867bd') in 0.070326 seconds
  Import took 0.107179 seconds .

========================================================================
Received Import Request.
  Time since last request: 0.096670 seconds.
  path: Assets/Resources/Prefabs/GoalTrigger.prefab
  artifactKey: Guid(ba4c809190e7a41aab6d196dde55bdc3) Importer(815301076,1909f56bfc062723c751e8b465ee728b)
Start importing Assets/Resources/Prefabs/GoalTrigger.prefab using Guid(ba4c809190e7a41aab6d196dde55bdc3) Importer(815301076,1909f56bfc062723c751e8b465ee728b)  -> (artifact id: '3c3c3a7af58c98801c2330dc94498d05') in 0.214416 seconds
  Import took 0.229885 seconds .

========================================================================
Received Import Request.
  Time since last request: 0.000942 seconds.
  path: Assets/Resources/Prefabs/PlayerBad.prefab
  artifactKey: Guid(bb7e25614424e4d73b53ec5d020c7680) Importer(815301076,1909f56bfc062723c751e8b465ee728b)
Start importing Assets/Resources/Prefabs/PlayerBad.prefab using Guid(bb7e25614424e4d73b53ec5d020c7680) Importer(815301076,1909f56bfc062723c751e8b465ee728b)  -> (artifact id: 'd7f50defd6d6bb30e8e7c182107cf237') in 0.102553 seconds
  Import took 0.117790 seconds .

========================================================================
Received Import Request.
  Time since last request: 0.000978 seconds.
  path: Assets/Resources/Prefabs/PlayerGood.prefab
  artifactKey: Guid(be4d0845cc2054980a1cd25551dc52ea) Importer(815301076,1909f56bfc062723c751e8b465ee728b)
Start importing Assets/Resources/Prefabs/PlayerGood.prefab using Guid(be4d0845cc2054980a1cd25551dc52ea) Importer(815301076,1909f56bfc062723c751e8b465ee728b)  -> (artifact id: 'd34448c3ef04b4ed48e1ad5b747436b3') in 0.101292 seconds
  Import took 0.118491 seconds .

========================================================================
Received Import Request.
  Time since last request: 0.000871 seconds.
  path: Assets/Resources/Prefabs/Small-Spikes.prefab
  artifactKey: Guid(1a7fb91841b8b4f9cbc3d5153d751e4a) Importer(815301076,1909f56bfc062723c751e8b465ee728b)
Start importing Assets/Resources/Prefabs/Small-Spikes.prefab using Guid(1a7fb91841b8b4f9cbc3d5153d751e4a) Importer(815301076,1909f56bfc062723c751e8b465ee728b)  -> (artifact id: '9fea26edec32a9a3adc09f549e1521f4') in 0.083643 seconds
  Import took 0.099391 seconds .

========================================================================
Received Import Request.
  Time since last request: 0.000925 seconds.
  path: Assets/Resources/Prefabs/PlayerGood.prefab
  artifactKey: Guid(be4d0845cc2054980a1cd25551dc52ea) Importer(815301076,1909f56bfc062723c751e8b465ee728b)
Start importing Assets/Resources/Prefabs/PlayerGood.prefab using Guid(be4d0845cc2054980a1cd25551dc52ea) Importer(815301076,1909f56bfc062723c751e8b465ee728b)  -> (artifact id: 'd34448c3ef04b4ed48e1ad5b747436b3') in 0.059510 seconds
  Import took 0.077177 seconds .

========================================================================
Received Import Request.
  Time since last request: 0.000960 seconds.
  path: Assets/Resources/Prefabs/Small-Spikes.prefab
  artifactKey: Guid(1a7fb91841b8b4f9cbc3d5153d751e4a) Importer(815301076,1909f56bfc062723c751e8b465ee728b)
Start importing Assets/Resources/Prefabs/Small-Spikes.prefab using Guid(1a7fb91841b8b4f9cbc3d5153d751e4a) Importer(815301076,1909f56bfc062723c751e8b465ee728b)  -> (artifact id: '9fea26edec32a9a3adc09f549e1521f4') in 0.060860 seconds
  Import took 0.075444 seconds .

========================================================================
Received Import Request.
  Time since last request: 0.826557 seconds.
  path: Assets/Resources/Prefabs/Levels/Level 1.prefab
  artifactKey: Guid(112336a7079eee54fb7294a5472de232) Importer(815301076,1909f56bfc062723c751e8b465ee728b)
Start importing Assets/Resources/Prefabs/Levels/Level 1.prefab using Guid(112336a7079eee54fb7294a5472de232) Importer(815301076,1909f56bfc062723c751e8b465ee728b)  -> (artifact id: '0b543e6bbb3de31f62a046951fb17e7a') in 0.169991 seconds
  Import took 0.227389 seconds .

========================================================================
Received Import Request.
  Time since last request: 531.285638 seconds.
  path: Assets/Resources/Prefabs/Levels/Level 2.prefab
  artifactKey: Guid(d1dcf10df5aa7bc4e8b20bebba5bc0a6) Importer(815301076,1909f56bfc062723c751e8b465ee728b)
Start importing Assets/Resources/Prefabs/Levels/Level 2.prefab using Guid(d1dcf10df5aa7bc4e8b20bebba5bc0a6) Importer(815301076,1909f56bfc062723c751e8b465ee728b)  -> (artifact id: 'ea75a97f47cb99bcfcbe2446d747b9f9') in 0.096676 seconds
  Import took 0.145506 seconds .

========================================================================
Received Import Request.
  Time since last request: 1093.625168 seconds.
  path: Assets/Resources/Prefabs/Levels/Level 2.prefab
  artifactKey: Guid(d1dcf10df5aa7bc4e8b20bebba5bc0a6) Importer(815301076,1909f56bfc062723c751e8b465ee728b)
Start importing Assets/Resources/Prefabs/Levels/Level 2.prefab using Guid(d1dcf10df5aa7bc4e8b20bebba5bc0a6) Importer(815301076,1909f56bfc062723c751e8b465ee728b)  -> (artifact id: '9b6e34cc797bae10ca6ead7809b82b53') in 0.080275 seconds
  Import took 0.141589 seconds .

========================================================================
Received Import Request.
  Time since last request: 22.080303 seconds.
  path: Assets/Resources/Prefabs/Backdrop - Sky.prefab
  artifactKey: Guid(7e7fddd0c4b79b94baa1427fb0a6e643) Importer(815301076,1909f56bfc062723c751e8b465ee728b)
Start importing Assets/Resources/Prefabs/Backdrop - Sky.prefab using Guid(7e7fddd0c4b79b94baa1427fb0a6e643) Importer(815301076,1909f56bfc062723c751e8b465ee728b)  -> (artifact id: '52ca31e9fa9ba4ce6291887f528b11d1') in 0.174945 seconds
  Import took 0.198911 seconds .

========================================================================
Received Import Request.
  Time since last request: 0.026684 seconds.
  path: Assets/Resources/Prefabs/Backdrop - Sky.prefab
  artifactKey: Guid(7e7fddd0c4b79b94baa1427fb0a6e643) Importer(815301076,1909f56bfc062723c751e8b465ee728b)
Start importing Assets/Resources/Prefabs/Backdrop - Sky.prefab using Guid(7e7fddd0c4b79b94baa1427fb0a6e643) Importer(815301076,1909f56bfc062723c751e8b465ee728b)  -> (artifact id: '52ca31e9fa9ba4ce6291887f528b11d1') in 0.079161 seconds
  Import took 0.099252 seconds .

========================================================================
Received Import Request.
  Time since last request: 39.171472 seconds.
  path: Assets/Resources/Prefabs/Backdrop - Sky 1.prefab
  artifactKey: Guid(4d689321979960949b4436c06561dfcf) Importer(815301076,1909f56bfc062723c751e8b465ee728b)
Start importing Assets/Resources/Prefabs/Backdrop - Sky 1.prefab using Guid(4d689321979960949b4436c06561dfcf) Importer(815301076,1909f56bfc062723c751e8b465ee728b)  -> (artifact id: 'aa4fe617e00a21040882f835346a1e3f') in 0.091595 seconds
  Import took 0.119000 seconds .

========================================================================
Received Import Request.
  Time since last request: 27.097545 seconds.
  path: Assets/Art/Cave-Backdrop.png
  artifactKey: Guid(687b2615e340c1e4dbf3f041d2d12761) Importer(815301076,1909f56bfc062723c751e8b465ee728b)
Start importing Assets/Art/Cave-Backdrop.png using Guid(687b2615e340c1e4dbf3f041d2d12761) Importer(815301076,1909f56bfc062723c751e8b465ee728b)  -> (artifact id: '215cdee900b3505b4125d493c242442c') in 0.094097 seconds
  Import took 0.112050 seconds .

========================================================================
Received Import Request.
  Time since last request: 0.000866 seconds.
  path: Assets/Art/Sky-Cloud.png
  artifactKey: Guid(4cde14f581f8c4049b44684fb32d5f2f) Importer(815301076,1909f56bfc062723c751e8b465ee728b)
Start importing Assets/Art/Sky-Cloud.png using Guid(4cde14f581f8c4049b44684fb32d5f2f) Importer(815301076,1909f56bfc062723c751e8b465ee728b)  -> (artifact id: '4eb8bd031da58a69a1767109e5bc432e') in 0.106573 seconds
  Import took 0.121872 seconds .

========================================================================
Received Import Request.
  Time since last request: 22.950989 seconds.
  path: Assets/Art/Cave-Backdrop.png
  artifactKey: Guid(687b2615e340c1e4dbf3f041d2d12761) Importer(815301076,1909f56bfc062723c751e8b465ee728b)
Start importing Assets/Art/Cave-Backdrop.png using Guid(687b2615e340c1e4dbf3f041d2d12761) Importer(815301076,1909f56bfc062723c751e8b465ee728b)  -> (artifact id: '0a11b505a999e7492d0e4b2c5ebca90d') in 0.095587 seconds
  Import took 0.114622 seconds .

========================================================================
Received Import Request.
  Time since last request: 13.576932 seconds.
  path: Assets/Resources/Prefabs/Backdrop - Sky 1.prefab
  artifactKey: Guid(4d689321979960949b4436c06561dfcf) Importer(815301076,1909f56bfc062723c751e8b465ee728b)
Start importing Assets/Resources/Prefabs/Backdrop - Sky 1.prefab using Guid(4d689321979960949b4436c06561dfcf) Importer(815301076,1909f56bfc062723c751e8b465ee728b)  -> (artifact id: '080238344d5acd95019b6c65e9d3edfc') in 0.075704 seconds
  Import took 0.097766 seconds .

========================================================================
Received Import Request.
  Time since last request: 0.037652 seconds.
  path: Assets/Resources/Prefabs/Backdrop - Sky 1.prefab
  artifactKey: Guid(4d689321979960949b4436c06561dfcf) Importer(815301076,1909f56bfc062723c751e8b465ee728b)
Start importing Assets/Resources/Prefabs/Backdrop - Sky 1.prefab using Guid(4d689321979960949b4436c06561dfcf) Importer(815301076,1909f56bfc062723c751e8b465ee728b)  -> (artifact id: '080238344d5acd95019b6c65e9d3edfc') in 0.054323 seconds
  Import took 0.068385 seconds .

========================================================================
Received Import Request.
  Time since last request: 11.331020 seconds.
  path: Assets/Resources/Prefabs/Backdrop - Cave.prefab
  artifactKey: Guid(4d689321979960949b4436c06561dfcf) Importer(815301076,1909f56bfc062723c751e8b465ee728b)
Start importing Assets/Resources/Prefabs/Backdrop - Cave.prefab using Guid(4d689321979960949b4436c06561dfcf) Importer(815301076,1909f56bfc062723c751e8b465ee728b)  -> (artifact id: '25ae782763b0e880976dbff16c0afdc4') in 0.087776 seconds
  Import took 0.107996 seconds .

========================================================================
Received Prepare
Registering precompiled user dll's ...
Registered in 0.004689 seconds.
Begin MonoManager ReloadAssembly
Native extension for WindowsStandalone target not found
Refreshing native plugins compatible for Editor in 1.20 ms, found 1 plugins.
Preloading 0 native plugins for Editor in 0.00 ms.
Invoked RoslynAnalysisRunner static constructor.
RoslynAnalysisRunner will not be running.
RoslynAnalysisRunner has terminated.
Mono: successfully reloaded assembly
- Completed reload, in  4.947 seconds
Platform modules already initialized, skipping
Refreshing native plugins compatible for Editor in 1.71 ms, found 1 plugins.
Preloading 0 native plugins for Editor in 0.00 ms.
Unloading 1846 Unused Serialized files (Serialized files now loaded: 0)
System memory in use before: 91.2 MB.
System memory in use after: 91.2 MB.

Unloading 12 unused Assets to reduce memory usage. Loaded Objects now: 2320.
Total: 9.885200 ms (FindLiveObjects: 0.716400 ms CreateObjectMapping: 0.440000 ms MarkObjects: 8.266700 ms  DeleteObjects: 0.456200 ms)

========================================================================
Received Import Request.
  Time since last request: 208.475504 seconds.
  path: Assets/Resources/Prefabs/Levels/Level 1.prefab
  artifactKey: Guid(112336a7079eee54fb7294a5472de232) Importer(815301076,1909f56bfc062723c751e8b465ee728b)
Start importing Assets/Resources/Prefabs/Levels/Level 1.prefab using Guid(112336a7079eee54fb7294a5472de232) Importer(815301076,1909f56bfc062723c751e8b465ee728b)  -> (artifact id: 'a649b9708987a828ffd4fee163b2d6d0') in 0.342335 seconds
  Import took 0.419027 seconds .

========================================================================
Received Import Request.
  Time since last request: 51.275163 seconds.
  path: Assets/Resources/Prefabs/Levels/Level 2.prefab
  artifactKey: Guid(d1dcf10df5aa7bc4e8b20bebba5bc0a6) Importer(815301076,1909f56bfc062723c751e8b465ee728b)
Start importing Assets/Resources/Prefabs/Levels/Level 2.prefab using Guid(d1dcf10df5aa7bc4e8b20bebba5bc0a6) Importer(815301076,1909f56bfc062723c751e8b465ee728b)  -> (artifact id: 'd30911a2110d7b2cd72be49e3381e648') in 0.091298 seconds
  Import took 0.111837 seconds .

========================================================================
Received Import Request.
  Time since last request: 20.891105 seconds.
  path: Assets/Resources/Prefabs/Levels/Level 3.prefab
  artifactKey: Guid(adb37a87dc9b84b49b7e126845f59f65) Importer(815301076,1909f56bfc062723c751e8b465ee728b)
Start importing Assets/Resources/Prefabs/Levels/Level 3.prefab using Guid(adb37a87dc9b84b49b7e126845f59f65) Importer(815301076,1909f56bfc062723c751e8b465ee728b)  -> (artifact id: 'd6ba145b48e9e38fb195894cd7e8b5d0') in 0.118296 seconds
  Import took 0.133691 seconds .

========================================================================
Received Import Request.
  Time since last request: 54.243319 seconds.
  path: Assets/Resources/Prefabs/Levels/Level 1.prefab
  artifactKey: Guid(112336a7079eee54fb7294a5472de232) Importer(815301076,1909f56bfc062723c751e8b465ee728b)
Start importing Assets/Resources/Prefabs/Levels/Level 1.prefab using Guid(112336a7079eee54fb7294a5472de232) Importer(815301076,1909f56bfc062723c751e8b465ee728b)  -> (artifact id: '3e5e59cfc4f968258521e394b33b0096') in 0.103463 seconds
  Import took 0.124821 seconds .

========================================================================
Received Import Request.
  Time since last request: 1.853442 seconds.
  path: Assets/Resources/Prefabs/Levels/Level 1.prefab
  artifactKey: Guid(112336a7079eee54fb7294a5472de232) Importer(815301076,1909f56bfc062723c751e8b465ee728b)
Start importing Assets/Resources/Prefabs/Levels/Level 1.prefab using Guid(112336a7079eee54fb7294a5472de232) Importer(815301076,1909f56bfc062723c751e8b465ee728b)  -> (artifact id: 'd382b583f8ca2f9e964c4f978a0470f7') in 0.091500 seconds
  Import took 0.114669 seconds .

========================================================================
Received Import Request.
  Time since last request: 2.296453 seconds.
  path: Assets/Resources/Prefabs/Levels/Level 1.prefab
  artifactKey: Guid(112336a7079eee54fb7294a5472de232) Importer(815301076,1909f56bfc062723c751e8b465ee728b)
Start importing Assets/Resources/Prefabs/Levels/Level 1.prefab using Guid(112336a7079eee54fb7294a5472de232) Importer(815301076,1909f56bfc062723c751e8b465ee728b)  -> (artifact id: '4500bc2d7ebb2b243262260f37d82f2d') in 0.175741 seconds
  Import took 0.262022 seconds .

========================================================================
Received Import Request.
  Time since last request: 24.568837 seconds.
  path: Assets/Resources/Prefabs/Levels/Level 2.prefab
  artifactKey: Guid(d1dcf10df5aa7bc4e8b20bebba5bc0a6) Importer(815301076,1909f56bfc062723c751e8b465ee728b)
Start importing Assets/Resources/Prefabs/Levels/Level 2.prefab using Guid(d1dcf10df5aa7bc4e8b20bebba5bc0a6) Importer(815301076,1909f56bfc062723c751e8b465ee728b)  -> (artifact id: '23b29e1f74242456390e5c0353a19ca5') in 0.081812 seconds
  Import took 0.136667 seconds .

========================================================================
Received Import Request.
  Time since last request: 9.755967 seconds.
  path: Assets/Resources/Prefabs/Levels/Level 3.prefab
  artifactKey: Guid(adb37a87dc9b84b49b7e126845f59f65) Importer(815301076,1909f56bfc062723c751e8b465ee728b)
Start importing Assets/Resources/Prefabs/Levels/Level 3.prefab using Guid(adb37a87dc9b84b49b7e126845f59f65) Importer(815301076,1909f56bfc062723c751e8b465ee728b)  -> (artifact id: 'd4c448279396a3c01d4051f942ccf596') in 0.092625 seconds
  Import took 0.110031 seconds .

========================================================================
Received Import Request.
  Time since last request: 166.043121 seconds.
  path: Assets/Resources/Prefabs/Levels/Level 3.prefab
  artifactKey: Guid(adb37a87dc9b84b49b7e126845f59f65) Importer(815301076,1909f56bfc062723c751e8b465ee728b)
Start importing Assets/Resources/Prefabs/Levels/Level 3.prefab using Guid(adb37a87dc9b84b49b7e126845f59f65) Importer(815301076,1909f56bfc062723c751e8b465ee728b)  -> (artifact id: 'ca8449643f7d41ad8a6c815c8725c31f') in 0.086736 seconds
  Import took 0.119508 seconds .

